<?xml version="1.0" encoding="UTF-8"?>
<!-- Generated by org.testng.reporters.JUnitXMLReporter -->
<testsuite ignored="0" hostname="DESKTOP-6KOFRV4" failures="2" tests="6" name="InvoiceForm" time="265.662" errors="0" timestamp="2023-01-03T19:15:20 IST">
  <testcase classname="mobileApp.BillGenrator.InvoiceForm" name="InvoiceForm_VerifyStep3ShowsDateAsToday" time="119.237"/>
  <testcase classname="mobileApp.BillGenrator.InvoiceForm" name="InvoiceForm_verifyStep5AndStep6Page" time="55.797"/>
  <testcase classname="mobileApp.BillGenrator.InvoiceForm" name="InvoiceForm_verifyCalculationsOnRemovingPreviouslyAddedItem" time="32.403"/>
  <testcase classname="mobileApp.BillGenrator.InvoiceForm" name="InvoiceForm_verifyPreviewPage" time="37.699">
    <failure type="org.openqa.selenium.NoSuchElementException" message="Can&amp;apos;t locate an element by this strategy: By.chained({By.xpath: (//android.widget.TextView[@text=&amp;apos;Number:&amp;apos;]/following-sibling::android.widget.TextView)[1]})">
      <![CDATA[org.openqa.selenium.NoSuchElementException: Can't locate an element by this strategy: By.chained({By.xpath: (//android.widget.TextView[@text='Number:']/following-sibling::android.widget.TextView)[1]})
at io.appium.java_client.pagefactory.AppiumElementLocator.findElement(AppiumElementLocator.java:126)
at io.appium.java_client.pagefactory.interceptors.InterceptorOfASingleElement.intercept(InterceptorOfASingleElement.java:59)
at org.openqa.selenium.remote.RemoteWebElement$$EnhancerByCGLIB$$d27c0df4.getText(<generated>)
at MobileApp.BillGenratorMobileApp2.PageObject.Android.InvoiceForm.InvoicePreviewPage.getInvoiceNo(InvoicePreviewPage.java:152)
at mobileApp.BillGenrator.InvoiceForm.InvoiceForm_verifyPreviewPage(InvoiceForm.java:178)
at java.base/java.util.ArrayList.forEach(ArrayList.java:1541)
Caused by: org.openqa.selenium.TimeoutException: Expected condition failed: waiting for io.appium.java_client.pagefactory.AppiumElementLocator$WaitingFunction@6d6d81c (tried for 1 second(s) with 500 milliseconds interval)
at org.openqa.selenium.support.ui.FluentWait.timeoutException(FluentWait.java:263)
at org.openqa.selenium.support.ui.FluentWait.until(FluentWait.java:231)
at io.appium.java_client.pagefactory.AppiumElementLocator.waitFor(AppiumElementLocator.java:99)
at io.appium.java_client.pagefactory.AppiumElementLocator.findElement(AppiumElementLocator.java:119)
... 32 more
Caused by: org.openqa.selenium.NoSuchElementException: Cannot locate an element using By.chained({By.xpath: (//android.widget.TextView[@text='Number:']/following-sibling::android.widget.TextView)[1]})
For documentation on this error, please visit: https://selenium.dev/exceptions/#no_such_element
Build info: version: '4.4.0', revision: 'e5c75ed026a'
System info: host: 'DESKTOP-6KOFRV4', ip: '192.168.1.14', os.name: 'Windows 10', os.arch: 'amd64', os.version: '10.0', java.version: '11.0.13'
Driver info: driver.version: RemoteWebDriver
at io.appium.java_client.pagefactory.bys.builder.ByChained.findElement(ByChained.java:77)
at org.openqa.selenium.remote.ElementLocation$ElementFinder$1.findElement(ElementLocation.java:136)
at org.openqa.selenium.remote.ElementLocation.findElement(ElementLocation.java:60)
at org.openqa.selenium.remote.RemoteWebDriver.findElement(RemoteWebDriver.java:365)
at org.openqa.selenium.remote.RemoteWebDriver.findElement(RemoteWebDriver.java:357)
at io.appium.java_client.pagefactory.bys.ContentMappedBy.findElement(ContentMappedBy.java:50)
at org.openqa.selenium.remote.ElementLocation$ElementFinder$1.findElement(ElementLocation.java:136)
at org.openqa.selenium.remote.ElementLocation.findElement(ElementLocation.java:60)
at org.openqa.selenium.remote.RemoteWebDriver.findElement(RemoteWebDriver.java:365)
at org.openqa.selenium.remote.RemoteWebDriver.findElement(RemoteWebDriver.java:357)
at io.appium.java_client.pagefactory.AppiumElementLocator.lambda$findElement$0(AppiumElementLocator.java:120)
at io.appium.java_client.pagefactory.AppiumElementLocator$WaitingFunction.apply(AppiumElementLocator.java:172)
at io.appium.java_client.pagefactory.AppiumElementLocator$WaitingFunction.apply(AppiumElementLocator.java:165)
at org.openqa.selenium.support.ui.FluentWait.until(FluentWait.java:208)
... 34 more
... Removed 27 stack frames]]>
    </failure>
  </testcase> <!-- InvoiceForm_verifyPreviewPage -->
  <testcase classname="mobileApp.BillGenrator.InvoiceForm" name="InvoiceForm_verifyOrderPage" time="4.608">
    <failure type="java.lang.AssertionError" message="The following asserts failed:
	Amount not correct expected [$ 0.00] but found [$ 0.0],
	Total Amount before applying coupon is not correct expected [$ 0.00] but found [$ 0.0]">
      <![CDATA[java.lang.AssertionError: The following asserts failed:
Amount not correct expected [$ 0.00] but found [$ 0.0],
Total Amount before applying coupon is not correct expected [$ 0.00] but found [$ 0.0]
at mobileApp.BillGenrator.InvoiceForm.InvoiceForm_verifyOrderPage(InvoiceForm.java:240)
at java.base/java.util.ArrayList.forEach(ArrayList.java:1541)
... Removed 29 stack frames]]>
    </failure>
  </testcase> <!-- InvoiceForm_verifyOrderPage -->
  <testcase classname="mobileApp.BillGenrator.InvoiceForm" name="InvoiceForm_verifyThankYouPage" time="1.065"/>
</testsuite> <!-- InvoiceForm -->
