<?xml version="1.0" encoding="UTF-8"?>
<!-- Generated by org.testng.reporters.JUnitXMLReporter -->
<testsuite ignored="0" hostname="DESKTOP-6KOFRV4" failures="1" tests="3" name="UtilityTest" time="126.937" errors="0" timestamp="2023-01-03T19:10:14 IST">
  <testcase classname="mobileApp.BillGenrator.UtilityBill" name="UtilityForm_VerifyUtilityPreviewWithAllFields" time="100.732"/>
  <testcase classname="mobileApp.BillGenrator.UtilityBill" name="UtilityForm_verifyDataOfUtilityOrderPage" time="4.721"/>
  <testcase classname="mobileApp.BillGenrator.UtilityBill" name="UtilityForm_verifyCouponCodeFunctionalityWithValidCode" time="7.074">
    <failure type="java.lang.AssertionError" message="The following asserts failed:
	Coupon not applied expected [ $ 0.0] but found [$ 20.0],
	Text on checkout button does not change after applying free coupen expected [Complete Checkout] but found [Pay With Crypto]">
      <![CDATA[java.lang.AssertionError: The following asserts failed:
Coupon not applied expected [ $ 0.0] but found [$ 20.0],
Text on checkout button does not change after applying free coupen expected [Complete Checkout] but found [Pay With Crypto]
at mobileApp.BillGenrator.UtilityBill.UtilityForm_verifyCouponCodeFunctionalityWithValidCode(UtilityBill.java:195)
at java.base/java.util.ArrayList.forEach(ArrayList.java:1541)
... Removed 29 stack frames]]>
    </failure>
  </testcase> <!-- UtilityForm_verifyCouponCodeFunctionalityWithValidCode -->
</testsuite> <!-- UtilityTest -->
