<?xml version="1.0" encoding="UTF-8"?>
<!-- Generated by org.testng.reporters.JUnitXMLReporter -->
<testsuite ignored="0" hostname="DESKTOP-6KOFRV4" failures="1" tests="4" name="WebPaystubForm" time="30.496" errors="0" timestamp="2023-01-11T18:29:18 IST">
  <testcase classname="WebApp.BillGenrator.WebPaystubForm" name="enterAllInputs" time="5.411"/>
  <testcase classname="WebApp.BillGenrator.WebPaystubForm" name="verifyFICAMedicareWithGrossPayYTDTotalGreaterThan200000" time="5.661"/>
  <testcase classname="WebApp.BillGenrator.WebPaystubForm" name="verifyFICAMedicareWithGrossPayYTDTotalLessThan200000" time="6.756"/>
  <testcase classname="WebApp.BillGenrator.WebPaystubForm" name="verifyFICASocialSecurityCalculations" time="6.026">
    <failure type="java.lang.AssertionError" message="expected [78.12] but found [74.40]">
      <![CDATA[java.lang.AssertionError: expected [78.12] but found [74.40]
at WebApp.BillGenrator.WebPaystubForm.verifyFICASocialSecurityCalculations(WebPaystubForm.java:126)
at java.base/java.util.ArrayList.forEach(ArrayList.java:1541)
... Removed 37 stack frames]]>
    </failure>
  </testcase> <!-- verifyFICASocialSecurityCalculations -->
</testsuite> <!-- WebPaystubForm -->
