<?xml version="1.0" encoding="UTF-8"?>
<testng-results ignored="0" total="4" passed="3" failed="1" skipped="0">
  <reporter-output>
  </reporter-output>
  <suite started-at="2023-01-11T18:28:47 IST" name="Mobile" finished-at="2023-01-11T18:29:17 IST" duration-ms="30496">
    <groups>
    </groups>
    <test started-at="2023-01-11T18:28:47 IST" name="WebPaystubForm" finished-at="2023-01-11T18:29:17 IST" duration-ms="30496">
      <class name="WebApp.BillGenrator.WebPaystubForm">
        <test-method is-config="true" signature="beforeeverymethodinsameclass()[pri:0, instance:WebApp.BillGenrator.WebPaystubForm@7d1cfb8b]" started-at="2023-01-11T18:28:47 IST" name="beforeeverymethodinsameclass" finished-at="2023-01-11T18:28:53 IST" duration-ms="6369" status="PASS">
          <reporter-output>
          </reporter-output>
        </test-method> <!-- beforeeverymethodinsameclass -->
        <test-method signature="enterAllInputs()[pri:0, instance:WebApp.BillGenrator.WebPaystubForm@7d1cfb8b]" started-at="2023-01-11T18:28:53 IST" name="enterAllInputs" description="Enter all the inputs in paystub form." finished-at="2023-01-11T18:28:59 IST" duration-ms="5411" status="PASS">
          <reporter-output>
          </reporter-output>
        </test-method> <!-- enterAllInputs -->
        <test-method signature="verifyFICAMedicareWithGrossPayYTDTotalGreaterThan200000()[pri:0, instance:WebApp.BillGenrator.WebPaystubForm@7d1cfb8b]" started-at="2023-01-11T18:28:59 IST" name="verifyFICAMedicareWithGrossPayYTDTotalGreaterThan200000" description="Verify FICAMedicare With GrossPay YTDTotal Greater Than 200000" finished-at="2023-01-11T18:29:04 IST" duration-ms="5661" status="PASS">
          <reporter-output>
          </reporter-output>
        </test-method> <!-- verifyFICAMedicareWithGrossPayYTDTotalGreaterThan200000 -->
        <test-method signature="verifyFICAMedicareWithGrossPayYTDTotalLessThan200000()[pri:0, instance:WebApp.BillGenrator.WebPaystubForm@7d1cfb8b]" started-at="2023-01-11T18:29:04 IST" name="verifyFICAMedicareWithGrossPayYTDTotalLessThan200000" description="Verify FICA Medicare With Gross PayYTDTotal Less Than 200000" finished-at="2023-01-11T18:29:11 IST" duration-ms="6756" status="PASS">
          <reporter-output>
          </reporter-output>
        </test-method> <!-- verifyFICAMedicareWithGrossPayYTDTotalLessThan200000 -->
        <test-method signature="verifyFICASocialSecurityCalculations()[pri:0, instance:WebApp.BillGenrator.WebPaystubForm@7d1cfb8b]" started-at="2023-01-11T18:29:11 IST" name="verifyFICASocialSecurityCalculations" description="Verify FICA-Social-Security Calculations" finished-at="2023-01-11T18:29:17 IST" duration-ms="6026" status="FAIL">
          <exception class="java.lang.AssertionError">
            <message>
              <![CDATA[expected [78.12] but found [74.40]]]>
            </message>
            <full-stacktrace>
              <![CDATA[java.lang.AssertionError: expected [78.12] but found [74.40]
at org.testng.Assert.fail(Assert.java:110)
at org.testng.Assert.failNotEquals(Assert.java:1413)
at org.testng.Assert.assertEqualsImpl(Assert.java:149)
at org.testng.Assert.assertEquals(Assert.java:131)
at org.testng.Assert.assertEquals(Assert.java:655)
at org.testng.Assert.assertEquals(Assert.java:665)
at WebApp.BillGenrator.WebPaystubForm.verifyFICASocialSecurityCalculations(WebPaystubForm.java:126)
at java.base/jdk.internal.reflect.NativeMethodAccessorImpl.invoke0(Native Method)
at java.base/jdk.internal.reflect.NativeMethodAccessorImpl.invoke(NativeMethodAccessorImpl.java:62)
at java.base/jdk.internal.reflect.DelegatingMethodAccessorImpl.invoke(DelegatingMethodAccessorImpl.java:43)
at java.base/java.lang.reflect.Method.invoke(Method.java:566)
at org.testng.internal.invokers.MethodInvocationHelper.invokeMethod(MethodInvocationHelper.java:139)
at org.testng.internal.invokers.TestInvoker.invokeMethod(TestInvoker.java:677)
at org.testng.internal.invokers.TestInvoker.invokeTestMethod(TestInvoker.java:221)
at org.testng.internal.invokers.MethodRunner.runInSequence(MethodRunner.java:50)
at org.testng.internal.invokers.TestInvoker$MethodInvocationAgent.invoke(TestInvoker.java:962)
at org.testng.internal.invokers.TestInvoker.invokeTestMethods(TestInvoker.java:194)
at org.testng.internal.invokers.TestMethodWorker.invokeTestMethods(TestMethodWorker.java:148)
at org.testng.internal.invokers.TestMethodWorker.run(TestMethodWorker.java:128)
at java.base/java.util.ArrayList.forEach(ArrayList.java:1541)
at org.testng.TestRunner.privateRun(TestRunner.java:806)
at org.testng.TestRunner.run(TestRunner.java:601)
at org.testng.SuiteRunner.runTest(SuiteRunner.java:433)
at org.testng.SuiteRunner.runSequentially(SuiteRunner.java:427)
at org.testng.SuiteRunner.privateRun(SuiteRunner.java:387)
at org.testng.SuiteRunner.run(SuiteRunner.java:330)
at org.testng.SuiteRunnerWorker.runSuite(SuiteRunnerWorker.java:52)
at org.testng.SuiteRunnerWorker.run(SuiteRunnerWorker.java:95)
at org.testng.TestNG.runSuitesSequentially(TestNG.java:1256)
at org.testng.TestNG.runSuitesLocally(TestNG.java:1176)
at org.testng.TestNG.runSuites(TestNG.java:1099)
at org.testng.TestNG.run(TestNG.java:1067)
at org.apache.maven.surefire.testng.TestNGExecutor.run(TestNGExecutor.java:324)
at org.apache.maven.surefire.testng.TestNGXmlTestSuite.execute(TestNGXmlTestSuite.java:74)
at org.apache.maven.surefire.testng.TestNGProvider.invoke(TestNGProvider.java:123)
at org.apache.maven.surefire.booter.ForkedBooter.runSuitesInProcess(ForkedBooter.java:456)
at org.apache.maven.surefire.booter.ForkedBooter.execute(ForkedBooter.java:169)
at org.apache.maven.surefire.booter.ForkedBooter.run(ForkedBooter.java:595)
at org.apache.maven.surefire.booter.ForkedBooter.main(ForkedBooter.java:581)
]]>
            </full-stacktrace>
          </exception> <!-- java.lang.AssertionError -->
          <reporter-output>
          </reporter-output>
        </test-method> <!-- verifyFICASocialSecurityCalculations -->
        <test-method is-config="true" signature="teardown()[pri:0, instance:WebApp.BillGenrator.WebPaystubForm@7d1cfb8b]" started-at="2023-01-11T18:29:18 IST" name="teardown" finished-at="2023-01-11T18:29:20 IST" duration-ms="1857" status="PASS">
          <reporter-output>
          </reporter-output>
        </test-method> <!-- teardown -->
      </class> <!-- WebApp.BillGenrator.WebPaystubForm -->
    </test> <!-- WebPaystubForm -->
  </suite> <!-- Mobile -->
</testng-results>
