<?xml version="1.0" encoding="UTF-8"?>
<!-- Generated by org.testng.reporters.JUnitReportReporter -->
<testsuite hostname="DESKTOP-6KOFRV4" failures="1" tests="5" name="mobileApp.BillGenratorMobileApp2.W2Form" time="164.468" errors="0" timestamp="2022-12-14T12:05:03 IST" skipped="0">
  <testcase classname="mobileApp.BillGenratorMobileApp2.W2Form" name="W2Form_EnterAllDataManually" time="137.110"/>
  <system-out/>
  <testcase classname="mobileApp.BillGenratorMobileApp2.W2Form" name="W2Form_verifyPreviewData" time="15.136">
    <failure message="The following asserts failed:
	Wrong employee Social Security number expected [456456465] but found [456-45-6465],
	Wrong employee Identification number expected [789746464] but found [78-9746464],
	Employee name is not mentioned or correct. expected [Test Employee Name] but found [TEST EMPLOYEE NAME],
	Employee Address is not mentioned or correct. expected [Employee Address for testing purpose only, 322155, testing address] but found [EMPLOYEE ADDRESS FOR TESTING PURPOSE ONLY, 322155, TESTING ADDRESS],
	Employee state ID number value mentioned not correct. expected [232332356] but found [23-2332356],
	20 Locality Name value mentioned not correct. expected [TestLocalityName] but found []" type="java.lang.AssertionError">
      <![CDATA[java.lang.AssertionError: The following asserts failed:
Wrong employee Social Security number expected [456456465] but found [456-45-6465],
Wrong employee Identification number expected [789746464] but found [78-9746464],
Employee name is not mentioned or correct. expected [Test Employee Name] but found [TEST EMPLOYEE NAME],
Employee Address is not mentioned or correct. expected [Employee Address for testing purpose only, 322155, testing address] but found [EMPLOYEE ADDRESS FOR TESTING PURPOSE ONLY, 322155, TESTING ADDRESS],
Employee state ID number value mentioned not correct. expected [232332356] but found [23-2332356],
20 Locality Name value mentioned not correct. expected [TestLocalityName] but found []
at org.testng.asserts.SoftAssert.assertAll(SoftAssert.java:47)
at org.testng.asserts.SoftAssert.assertAll(SoftAssert.java:31)
at mobileApp.BillGenratorMobileApp2.W2Form.W2Form_verifyPreviewData(W2Form.java:320)
at java.base/jdk.internal.reflect.NativeMethodAccessorImpl.invoke0(Native Method)
at java.base/jdk.internal.reflect.NativeMethodAccessorImpl.invoke(NativeMethodAccessorImpl.java:62)
at java.base/jdk.internal.reflect.DelegatingMethodAccessorImpl.invoke(DelegatingMethodAccessorImpl.java:43)
at java.base/java.lang.reflect.Method.invoke(Method.java:566)
at org.testng.internal.MethodInvocationHelper.invokeMethod(MethodInvocationHelper.java:133)
at org.testng.internal.TestInvoker.invokeMethod(TestInvoker.java:598)
at org.testng.internal.TestInvoker.invokeTestMethod(TestInvoker.java:173)
at org.testng.internal.MethodRunner.runInSequence(MethodRunner.java:46)
at org.testng.internal.TestInvoker$MethodInvocationAgent.invoke(TestInvoker.java:824)
at org.testng.internal.TestInvoker.invokeTestMethods(TestInvoker.java:146)
at org.testng.internal.TestMethodWorker.invokeTestMethods(TestMethodWorker.java:146)
at org.testng.internal.TestMethodWorker.run(TestMethodWorker.java:128)
at java.base/java.util.ArrayList.forEach(ArrayList.java:1541)
at org.testng.TestRunner.privateRun(TestRunner.java:794)
at org.testng.TestRunner.run(TestRunner.java:596)
at org.testng.SuiteRunner.runTest(SuiteRunner.java:377)
at org.testng.SuiteRunner.runSequentially(SuiteRunner.java:371)
at org.testng.SuiteRunner.privateRun(SuiteRunner.java:332)
at org.testng.SuiteRunner.run(SuiteRunner.java:276)
at org.testng.SuiteRunnerWorker.runSuite(SuiteRunnerWorker.java:53)
at org.testng.SuiteRunnerWorker.run(SuiteRunnerWorker.java:96)
at org.testng.TestNG.runSuitesSequentially(TestNG.java:1212)
at org.testng.TestNG.runSuitesLocally(TestNG.java:1134)
at org.testng.TestNG.runSuites(TestNG.java:1063)
at org.testng.TestNG.run(TestNG.java:1031)
at org.testng.remote.AbstractRemoteTestNG.run(AbstractRemoteTestNG.java:115)
at org.testng.remote.RemoteTestNG.initAndRun(RemoteTestNG.java:251)
at org.testng.remote.RemoteTestNG.main(RemoteTestNG.java:77)
]]>
    </failure>
  </testcase> <!-- W2Form_verifyPreviewData -->
  <system-out/>
  <testcase classname="mobileApp.BillGenratorMobileApp2.W2Form" name="W2Form_verifyOrderPage" time="4.828"/>
  <system-out/>
  <testcase classname="mobileApp.BillGenratorMobileApp2.W2Form" name="W2Form_verifyCouponCodeFunctionalityWithValidCode" time="6.317"/>
  <system-out/>
  <testcase classname="mobileApp.BillGenratorMobileApp2.W2Form" name="W2Form_verifyThankyouPageAfterFreeCoupen" time="1.077"/>
  <system-out/>
</testsuite> <!-- mobileApp.BillGenratorMobileApp2.W2Form -->
