<?xml version="1.0" encoding="UTF-8"?>
<!-- Generated by org.testng.reporters.JUnitReportReporter -->
<testsuite hostname="DESKTOP-6KOFRV4" failures="1" tests="5" name="mobileApp.BillGenratorMobileApp2.W2Form" time="160.927" errors="0" timestamp="2022-12-23T19:18:10 IST" skipped="0">
  <testcase classname="mobileApp.BillGenratorMobileApp2.W2Form" name="W2Form_EnterAllDataManually" time="135.615"/>
  <system-out/>
  <testcase classname="mobileApp.BillGenratorMobileApp2.W2Form" name="W2Form_verifyPreviewData" time="13.680">
    <failure message="The following asserts failed:
	Wrong employee Social Security number expected [456456465] but found [456-45-6465],
	Wrong employee Identification number expected [789746464] but found [78-9746464],
	Employee name is not mentioned or correct. expected [Test Employee Name] but found [TEST EMPLOYEE NAME],
	Employee Address is not mentioned or correct. expected [Employee Address for testing purpose only, 322155, testing address] but found [EMPLOYEE ADDRESS FOR TESTING PURPOSE ONLY, 322155, TESTING ADDRESS],
	Employee state ID number value mentioned not correct. expected [232332356] but found [23-2332356],
	Local Income Tax value mentioned not correct. expected [354969.33] but found [],
	20 Locality Name value mentioned not correct. expected [TestLocalityName] but found []" type="java.lang.AssertionError">
      <![CDATA[java.lang.AssertionError: The following asserts failed:
Wrong employee Social Security number expected [456456465] but found [456-45-6465],
Wrong employee Identification number expected [789746464] but found [78-9746464],
Employee name is not mentioned or correct. expected [Test Employee Name] but found [TEST EMPLOYEE NAME],
Employee Address is not mentioned or correct. expected [Employee Address for testing purpose only, 322155, testing address] but found [EMPLOYEE ADDRESS FOR TESTING PURPOSE ONLY, 322155, TESTING ADDRESS],
Employee state ID number value mentioned not correct. expected [232332356] but found [23-2332356],
Local Income Tax value mentioned not correct. expected [354969.33] but found [],
20 Locality Name value mentioned not correct. expected [TestLocalityName] but found []
at org.testng.asserts.SoftAssert.assertAll(SoftAssert.java:46)
at org.testng.asserts.SoftAssert.assertAll(SoftAssert.java:30)
at mobileApp.BillGenratorMobileApp2.W2Form.W2Form_verifyPreviewData(W2Form.java:320)
at java.base/jdk.internal.reflect.NativeMethodAccessorImpl.invoke0(Native Method)
at java.base/jdk.internal.reflect.NativeMethodAccessorImpl.invoke(NativeMethodAccessorImpl.java:62)
at java.base/jdk.internal.reflect.DelegatingMethodAccessorImpl.invoke(DelegatingMethodAccessorImpl.java:43)
at java.base/java.lang.reflect.Method.invoke(Method.java:566)
at org.testng.internal.invokers.MethodInvocationHelper.invokeMethod(MethodInvocationHelper.java:139)
at org.testng.internal.invokers.TestInvoker.invokeMethod(TestInvoker.java:677)
at org.testng.internal.invokers.TestInvoker.invokeTestMethod(TestInvoker.java:221)
at org.testng.internal.invokers.MethodRunner.runInSequence(MethodRunner.java:50)
at org.testng.internal.invokers.TestInvoker$MethodInvocationAgent.invoke(TestInvoker.java:962)
at org.testng.internal.invokers.TestInvoker.invokeTestMethods(TestInvoker.java:194)
at org.testng.internal.invokers.TestMethodWorker.invokeTestMethods(TestMethodWorker.java:148)
at org.testng.internal.invokers.TestMethodWorker.run(TestMethodWorker.java:128)
at java.base/java.util.ArrayList.forEach(ArrayList.java:1541)
at org.testng.TestRunner.privateRun(TestRunner.java:806)
at org.testng.TestRunner.run(TestRunner.java:601)
at org.testng.SuiteRunner.runTest(SuiteRunner.java:433)
at org.testng.SuiteRunner.runSequentially(SuiteRunner.java:427)
at org.testng.SuiteRunner.privateRun(SuiteRunner.java:387)
at org.testng.SuiteRunner.run(SuiteRunner.java:330)
at org.testng.SuiteRunnerWorker.runSuite(SuiteRunnerWorker.java:52)
at org.testng.SuiteRunnerWorker.run(SuiteRunnerWorker.java:95)
at org.testng.TestNG.runSuitesSequentially(TestNG.java:1256)
at org.testng.TestNG.runSuitesLocally(TestNG.java:1176)
at org.testng.TestNG.runSuites(TestNG.java:1099)
at org.testng.TestNG.run(TestNG.java:1067)
at org.apache.maven.surefire.testng.TestNGExecutor.run(TestNGExecutor.java:324)
at org.apache.maven.surefire.testng.TestNGXmlTestSuite.execute(TestNGXmlTestSuite.java:74)
at org.apache.maven.surefire.testng.TestNGProvider.invoke(TestNGProvider.java:123)
at org.apache.maven.surefire.booter.ForkedBooter.runSuitesInProcess(ForkedBooter.java:456)
at org.apache.maven.surefire.booter.ForkedBooter.execute(ForkedBooter.java:169)
at org.apache.maven.surefire.booter.ForkedBooter.run(ForkedBooter.java:595)
at org.apache.maven.surefire.booter.ForkedBooter.main(ForkedBooter.java:581)
]]>
    </failure>
  </testcase> <!-- W2Form_verifyPreviewData -->
  <system-out/>
  <testcase classname="mobileApp.BillGenratorMobileApp2.W2Form" name="W2Form_verifyOrderPage" time="4.400"/>
  <system-out/>
  <testcase classname="mobileApp.BillGenratorMobileApp2.W2Form" name="W2Form_verifyCouponCodeFunctionalityWithValidCode" time="6.138"/>
  <system-out/>
  <testcase classname="mobileApp.BillGenratorMobileApp2.W2Form" name="W2Form_verifyThankyouPageAfterFreeCoupen" time="1.094"/>
  <system-out/>
</testsuite> <!-- mobileApp.BillGenratorMobileApp2.W2Form -->
